[    0.000000] Linux version 4.15.0-96-generic (buildd@lgw01-amd64-004) (gcc version7..0 (Ubuntu 7.5.0-3ubuntu1~18.04)) #97-Ubuntu SMP Wed Apr 1 03:25:46 UTC 2020 (Ubuntu 4.15.0-96.97-generi 4.15.18)
[    0.000000] Command line: BOOT_IMAGE=/boot/vmlinuz-4.150-9-generi root=UUID=06939aff-ebbb-404e-af75-c50f2c65007 ro console=tty1 console=ttyS0
[    0.000000] ERNEL supported cpus:
[    0.000000]   Intel GenuineIntel
[    0.000000]   MD AuthenticAM
[    0.000000]   Centaur CentaurHauls
[    0.000000] x86/fpu: Supporting XSAVE feature 0x001: 'x87 floating point registers'
[    0.000000] x86/fpu: Supporting XSAVE feature 0x002: 'SSE registers'
[    0.000000] x86/fpu Suporing XSAVE featre 0x004: 'AV regisrs'
[  0.00000] 86/fpu: xstate_ofset2]  76, xsate_sizs[2]:  56
[   0.000000]x8/fpu Enbld xstate features 0x7, context size is 832 bytes, using 'standard' format.
[    0.000000] e820: BIOS-provided physical RAM map:
[   0.000000] BIO-e820: [mem 0x0000000000000000-0x000000000009fbff] usable
[   0.00000] BIOS-e820: [mem 0x000000000009fc00-0x000000000009ffff] reserved
[    0.000000] BIOS-e820: [mem 0x00000000000f0000-0x00000000000fffff] reserved
[    0.000000] BIOS-e820: [mem 0x0000000000100000-0x000000003ffeffff] usable
[    0.000000] BIOS-e820: [mem 0x000000003fff0000-0x000000003fffffff] ACPIdata
[    0.000000] BIOS-e820: [mem 0x00000000fec00000-0x00000000fec00fff] reserved
[    0.000000] BIOS-e820: [mem 00000000fee0000-x0000000fee0fff] resved[    0.00000] BIO-e82: [mem 0x000000fffc000-00000000fffffff]reseved
[   0.000000] NX (Execute Diabe) prtetin: active
[    .00000] SMBIOS 2.5 present
[    .00000] DMI: inntek GmbH VirtualBox/VirtualBox, BIOS VirtualBox 12/01/2006
[   0.000000] Hypervisor detected: KVM
[    0.000000] e820: last_fn = 0x3fff0 ax_arch_pfn = 0x400000000
[    0.000000] MTRR: Disabled
[    0.000000] x86/PAT: MTRRs disabled, skipping PAT initialization too.
[    0.000000] CPU MTRRs all blank - virtualized system.
[    .000000] x86/PAT: Configuration [0-7]: WB  WT  UC- UC  WB  WT  UC- UC  
[    0.000000] found SP MP-able at [mem 0x0009fff0-0x009fff]
[    0.000000]Scaning 1 areas for low memory corruption
[    000000] RAMDISK: [mem 0x35963000-x36ca8fff]
[    0.000000] ACPI: Early table checksum verification disbled
[   0.00000] ACPI RSDP 0x00000000000E0000 000024 (v02 VBOX  )
[    0.000000] ACPI: XSDT 0x000000003FFF0030 0003C (v01 BOX  VBOXXSDT 00000001 ASL  00000061)
[    0.000000] ACPI: FACP 0x000000003FF00F0 000F4(v04 VBOX   VBOXFACP 00000001 ASL  00000061)
[    0.000000] ACPI: DSDT 0x00000003FFF0470 0021FF (v02 VBOX   VBOXBIOS 00000002 INTL 20100528)
[    0.000000] ACPI: FACS 0x000000003FFF0200 000040
[    0.000000] ACPI: FCS 0x0000000FFF0200 000040
[    000000] ACPI: PIC 0x000000003FFF0240 00005C (v02 VBOX   VBOXAPIC 00000001 ASL  0000061)
[    0.000000] ACP: SSDT 0x000000003FFF02A0 0001CC (v01 VBOX   VBOXCPUT 00000002 INTL 20100528)
[    0.000000] No NUMA configuration found
    0.000000] Fakng a node at [em 0x000000000000000-0x000000003ffeffff]
[   0.000000] NDE_DATA(0) allocated [mem 03ffc5000-0x3ffeffff]
[    0.000000] kvm-clock: cpu 0, msr 0:3ff44001, primary cpu clock
[    0.000000] kvm-clock: Using msrs 4b564d01 and 4b564d00
[    0.000000] kvm-clock: using sched offset of 6521499452 cycles
[    0.000000] clocksource: kvm-clock: mask: 0xffffffffffffffff max_cycles: 0x1cd42e4dffb, max_idle_ns: 881590591483 ns
[    0.000000] Zone ranges:
[    0.000000]   DMA      [mem 0x0000000000001000-0x0000000000ffffff]
[    0.000000]   DMA32    [mem 0x0000000001000000-0x00000003ffeffff]
[    0.000000]   Normal   empty
[    0.000000]   Device   empty
[    0.000000] Movable zone start or each node
[    0.00000] Ealy meory node ranges
[   0.000000]   node  0: [me 0x0000000000001000-0x000000000009efff]
[    0.000000]  node   0: [em x000000000100000-0000003fefff]
[  0.00000] Reserved but unavailable: 98 pages
[    0.000000] Initmem etup node 0 [mem 0x0000000000001000-0x000000003ffeffff]
[    0.000000] ACPI: PM-Timer IO Port: 0x4008
[    0.000000 IOAPIC[0]: apic_id2, version 32, adress 0xfec0000, GSI 0-23
[    0.000000]ACPI: INT_SRC_OVR (bus 0 bus_irq 0global_irq 2 dfl dfl)
[    0.000000] API: INT_SRC_OVR (bus 0 bus_irq 9 global_irq 9 low level
[    0.000000] Using ACPI (MADT) for SMPconfirrationinformation
[    0.000000] smpboot: Allowing 2 CPUs, 0 hotplug CPUs
[    0.00000 PM: Registered nosave mmory: [mem 00000000-0x0000fff]
[    0.000000] PM: Registered nosave memory: [mem 0x0009f000-0x0009ffff]
[    0.00000] PM: Registered nosave memory: [mem 0x000a0000-0x000effff]
[    0.000000] PM: Registerd nosae mmory: [mem0x00f000-0x00fffff]
[   0.0000] 820 [mem 0x40000000-0xfebfffff] available for PCI devices
[    0.000000] Booting paravirtualized kernel on KVM
[    0.000000] clocksource: refined-jiffies: mask: 0xffffffff max_cycles: 0xfffffff, max_idle_ns: 76455196021568 ns
[    0.000000] random: get_random_bytes clled fromstart_kernel+0x99/0x4fd with crng_init=0
[    0.000000] stup_percpu: NR_CPUS:8192 nr_cpumask_bits:2 nr_cpu_ids:2 nr_node_ids:1
[    0.000000] percpu: Embedded 45 pages/cpu s147456 r8192 d28672 u1048576
[    0.00000]PV qspinock hsh table entris:256 (oder:0, 409bytes
    00000] Built 1 zonelists, moblit groupin on.  Tta page: 5791
[    0.000000] Policy zone: DMA32
[    0.000000] Kernel command line: BOOT_IMAGE=/boot/vmlinuz4.15.0-6-geneicroot=UUI=069aff-ebbb-404e-af75-c50f2c650070 ro consolety1 console=ttyS0
[    0.00000] Memory: 982532K/1048120K available (12300K kernel code, 2481K rwdata, 4264K rodata, 2432K init, 712Kbs, 6558Kreserve, 0K cma-eserved
[    .00000] SLUB HWaign=64, Order=03, MinObjects=0, CPUs=2, Nodes=1
[    0.000000] ernel/User page tables isolation: enabled
[    0.000000] ftrace: alloocating 9351 entries in 154 pages
[    0.004000]Hierachical RCU implementation.
[    0.004000] 	RCU restricting CPUs from NR_CPUS=8192 to nr_cpu_ids=2.
[    0.004000] 	Tasks RCU enabled.
[    0.004000] RCU: Ajusting geometry for rcu_fanout_leaf=16,nr_cpu_ids=2
[    0.004000] NR_IRQS: 524544, nr_irqs: 440, preallocated irqs: 16
[    .004000] Conse: clour VA+ 80x25
[   0.04000] console [tty1] enabled
[    0.004000] console [ttyS0] enabled
[    0.004000] ACPI: Core revision 20170831
[   0.004000] ACPI: 2 API AMLtales sccessfully acquired and loaded
[   0.004000] APIC: Switch to symmetric I/O mode setup
[    0.004506] x2apic enabled
[    0.008009] Switched APIC routing to physical x2apic.
[    0.010767] ..TIMER: vector=0x30 apic1=0 pin1=2 apic2=-1 pin2=-1
[    0.012007] tsc: Detected 1599.999 MHz processor
[    0.016020] Calibrating delay loop (skipped) preset value.. 3199.99 BogoMIPS (lpj=6399996)
[    0.020188] pid_max: default: 32768 minimum: 301
[    0.024050] Security Framework initialized
[    0.028008] Yama: becoming mindful.
[    0.032044] AppArmor: AppArmor initialized
[    0.040069] Dentry cache hash table entries: 131072 (order: 8, 1048576 bytes)
[    0.044129] Inode-cache hash table entries: 65536 (order: 7, 524288 bytes)
[    0.048033] Mount-cache hash table entries: 2048 (order: 2, 16384 bytes)
[    0.052024] Mountpoint-cache hash table entries: 2048 (order: 2, 16384 bytes)
[    0.056587] Last level iTLB entries: 4KB 64, 2MB 8, 4MB 8
[    0.060037] Last level dTLB entries: 4KB 64, 2MB 0, 4MB 0, 1GB 4
[    0.064011] Spectre V1 : Mitigation: usercopy/swapgs barriers and __user pointer sanitization
[    0.068009] Spectre V2 : Mitigation: Full generic retpoline
[    0.072010] Spectre V2 : Spectre v2 / SpectreRSB mitigation: Filling RSB on context switch
[    0.076009] Speculative Store Bypass: Vulnerable
[    0.080467] MDS: Vulnerable: Clear CPU buffers attempted, no microcode
[    0.084201] Freeing SMP alternatives memory: 36K
[    0.200553] smpboot: CPU0: Intel(R) Core(TM) i5-5250U CPU @ 1.60GHz (family: 0x6, model: 0x3d, stepping: 0x4)
[    0.204135] Performance Events: unsupported p6 CPU model 61 no PMU driver, software events only.
[    0.208142] Hierarchical SRCU implementation.
[    0.212694] NMI watchdog: Perf event create on CPU 0 failed with -2
[    0.216008] NMI watchdog: Perf NMI watchdog permanently disabled
[    0.220132] smp: Bringing up secondary CPUs ...
[    0.224202] x86: Booting SMP configuration:
[    0.228012] .... node  #0, CPUs:      #1
[    0.004000] kvm-clock: cpu 1, msr 0:3ff44041, secondary cpu clock
[    0.309196] smp: Brought up 1 node, 2 CPUs
[    0.312011] smpboot: Max logical packages: 1
[    0.316012] smpboot: Total of 2 processors activated (6399.99 BogoMIPS)
[    0.320191] devtmpfs: initialized
[    0.324097] x86/mm: Memory block size: 128MB
[    0.328290] evm: security.selinux
[    0.332012] evm: security.SMACK64
[    0.333419] evm: security.SMACK64EXEC
[    0.336008] evm: security.SMACK64TRANSMUTE
[    0.344012] evm: security.SMACK64MMAP
[    0.348007] evm: security.apparmor
[    0.352008] evm: security.ima
[    0.353280] evm: security.capability
[    0.356248] clocksource: jiffies: mask: 0xffffffff max_cycles: 0xffffffff, max_idle_ns: 7645041785100000 ns
[    0.360033] futex hash table entries: 512 (order: 3, 32768 bytes)
[    0.368051] pinctrl core: initialized pinctrl subsystem
[    0.372374] RTC time: 12:15:43, date: 04/26/20
[    0.376594] NET: Registered protocol family 16
[    0.380141] audit: initializing netlink subsys (disabled)
[    0.384096] audit: type=2000 audit(1587903337.879:1): state=initialized audit_enabled=0 res=1
[    0.440029] cpuidle: using governor ladder
[    0.444046] cpuidle: using governor menu
[    0.448083] ACPI: bus type PCI registered
[    0.452010] acpiphp: ACPI Hot Plug PCI Controller Driver version: 0.5
[    0.453638] PCI: Using configuration type 1 for base access
[    0.460698] HugeTLB registered 2.00 MiB page size, pre-allocated 0 pages
[    0.464189] ACPI: Added _OSI(Module Device)
[    0.468030] ACPI: Added _OSI(Processor Device)
[    0.472022] ACPI: Added _OSI(3.0 _SCP Extensions)
[    0.476010] ACPI: Added _OSI(Processor Aggregator Device)
[    0.480026] ACPI: Added _OSI(Linux-Dell-Video)
[    0.484087] ACPI: Added _OSI(Linux-Lenovo-NV-HDMI-Audio)
[    0.488018] ACPI: Added _OSI(Linux-HPI-Hybrid-Graphics)
[    0.493790] ACPI: Executed 1 blocks of module-level executable AML code
[    0.540136] ACPI: Interpreter enabled
[    0.544479] ACPI: (supports S0 S5)
[    0.548010] ACPI: Using IOAPIC for interrupt routing
[    0.552551] PCI: Using host bridge windows from ACPI; if necessary, use "pci=nocrs" and report a bug
[    0.556239] ACPI: Enabled 2 GPEs in block 00 to 07
[    0.574755] ACPI: PCI Root Bridge [PCI0] (domain 0000 [bus 00-ff])
[    0.576030] acpi PNP0A03:00: _OSC: OS supports [ASPM ClockPM Segments MSI]
[    0.580076] acpi PNP0A03:00: _OSC: not requesting OS control; OS requires [ExtendedConfig ASPM ClockPM MSI]
[    0.584033] acpi PNP0A03:00: fail to add MMCONFIG information, can't access extended PCI configuration space under this bridge.
[    0.588407] PCI host bridge to bus 0000:00
[    0.592017] pci_bus 0000:00: root bus resource [io  0x0000-0x0cf7 window]
[    0.596035] pci_bus 0000:00: root bus resource [io  0x0d00-0xffff window]
[    0.600018] pci_bus 0000:00: root bus resource [mem 0x000a0000-0x000bffff window]
[    0.604013] pci_bus 0000:00: root bus resource [mem 0x40000000-0xfdffffff window]
[    0.608012] pci_bus 0000:00: root bus resource [bus 00-ff]
[    0.616124] pci 0000:00:01.1: legacy IDE quirk: reg 0x10: [io  0x01f0-0x01f7]
[    0.620023] pci 0000:00:01.1: legacy IDE quirk: reg 0x14: [io  0x03f6]
[    0.624012] pci 0000:00:01.1: legacy IDE quirk: reg 0x18: [io  0x0170-0x0177]
[    0.628012] pci 0000:00:01.1: legacy IDE quirk: reg 0x1c: [io  0x0376]
[    0.676062] pci 0000:00:07.0: quirk: [io  0x4000-0x403f] claimed by PIIX4 ACPI
[    0.680025] pci 0000:00:07.0: quirk: [io  0x4100-0x410f] claimed by PIIX4 SMB
[    0.704917] ACPI: PCI Interrupt Link [LNKA] (IRQs 5 9 10 *11)
[    0.708593] ACPI: PCI Interrupt Link [LNKB] (IRQs 5 9 *10 11)
[    0.712425] ACPI: PCI Interrupt Link [LNKC] (IRQs 5 *9 10 11)
[    0.716731] ACPI: PCI Interrupt Link [LNKD] (IRQs 5 9 10 *11)
[    0.721176] SCSI subsystem initialized
[    0.724112] pci 0000:00:02.0: vgaarb: setting as boot VGA device
[    0.728000] pci 0000:00:02.0: vgaarb: VGA device added: decodes=io+mem,owns=io+mem,locks=none
[    0.728015] pci 0000:00:02.0: vgaarb: bridge control possible
[    0.732013] vgaarb: loaded
[    0.736153] ACPI: bus type USB registered
[    0.744008] usbcore: registered new interface driver usbfs
[    0.748054] usbcore: registered new interface driver hub
[    0.752086] usbcore: registered new device driver usb
[    0.756163] EDAC MC: Ver: 3.0.0
[    0.760300] PCI: Using ACPI for IRQ routing
[    0.764376] NetLabel: Initializing
[    0.768011] NetLabel:  domain hash size = 128
[    0.772008] NetLabel:  protocols = UNLABELED CIPSOv4 CALIPSO
[    0.776047] NetLabel:  unlabeled traffic allowed by default
[    0.780166] clocksource: Switched to clocksource kvm-clock
[    0.882] S:Di qotas duo_66.
[   3934] S:quot-cchha tae ntie 5 (order 0,4096 bytes)
[   .1141]Appmor: AppArmor Filesysem Enabled
[   2.513408] pnp: PnP ACP iit
[  2741]np: PnACI:oud 3 devics
[    3.352262] clocksource: acpi_pm: mask: 0xffffff max_cycle 0ffff, max_idle_ns: 2085701024 ns
[   539821] NE:: Reiserd protocol family 2

[    3.782206] TCP established hash table entries: 8192 (order: 4, 65536 bytes)
[    3.785103] TCP bind hash table entries: 8192 (order: 5, 131072 bytes)
[   .776 T: shables configured (establishe 8192 bnd 8192)
[    4.306981] UDP hash tabl enries: 512 (order: 2, 16384 bytes)
[    4.384042] UDP-Lite hash table entries: 512 (order: 2,63 btes)
[    4.6332]NE Riser ptol miy 
[   3120pc0000:0:00.0 Lmiin direct PCI/PCI transfers
[   58015 p 00:00:01.0: Activating ISA DMA hang workarounds
[   6.135101 pi 000:00:02. Veoeve thshadwed ROM at [mem 0x000c0000-0x000dffff
[    6.6096] npackig itmfs...

[    7.603189] Freeing initrd memory: 19736K
[    7.619738] clocksource: tsc: mask: 0xffffffffffffffff max_cycles: 0x171023f09ff, max_idle_ns: 440795233615 ns
[    7.724561] platform rtc_cmos: registered platform RTC device (no PNP device found)
[    7.803995] Scanning for low memory corruption every 60 seconds
[    7.814489] Initialise system trusted keyrings
[    7.824254] Key type blacklist registered
[    7.841882] workingset: timestamp_bits=36 max_order=18 bucket_order=0
[    7.868485] zbud: loaded
[    7.875886] squashfs: version 4.0 (2009/01/31) Phillip Lougher
[    7.80217] fuse init (API version 7.26)

[    8.044269] Key type asymmetric registered
[    8.078843] Asymmetric key parser 'x509' registered
[    8.114574] Block layer SCSI generic (bsg) driver version 0.4 loaded (major 246)
[    8.160554] io scheduler noop registered
[    8.168654] io scheduler deadline registered
[    8.196924] io scheduler cfq registered (default)
[    8.206140] ACPI: AC Adapter [AC] (on-line)
[    8.219164] input: Power Button as /devices/LNXSYSTM:00/LNXPWRBN:00/input/input0
[    8.230402] ACPI: Power Button [PWRF]
[    8.260823] input: Sleep Button as /devices/LNXSYSTM:00/LNXSLPBN:00/input/input1
[    8.274332] ACPI: Sleep Button [SLPF]
[    8.302035] Serial: 8250/16550 driver, 32 ports, IRQ sharing enabled
[    8.303880] ACPI: Battery Slot [BAT0] (battery present)
[    8.346270] 00:02: ttyS0 at I/O 0x3f8 (irq = 4, base_baud = 115200) is a 16550A
[    8.369124] Linux agpgart interface v0.103
[    8.394786] loop: module loaded
[    8.408819] scsi host0: ata_piix
[    8.418386] scsi host1: ata_piix
[    8.424856] ata1: PATA max UDMA/33 cmd 0x1f0 ctl 0x3f6 bmdma 0xd000 irq 14
[    8.428807] ata2: PATA max UDMA/33 cmd 0x170 ctl 0x376 bmdma 0xd008 irq 15
[    8.434145] libphy: Fixed MDIO Bus: probed
[    8.462028] tun: Universal TUN/TAP device driver, 1.6
[    8.465621] PPP generic driver version 2.4.2
[    8.493307] ehci_hcd: USB 2.0 'Enhanced' Host Controller (EHCI) Driver
[    8.498653] ehci-pci: EHCI PCI platform driver
[    8.517928] ehci-platform: EHCI generic platform driver
[    8.531833] ohci_hcd: USB 1.1 'Open' Host Controller (OHCI) Driver
[    8.554406] ohci-pci: OHCI PCI platform driver
[    8.556621] ohci-platform: OHCI generic platform driver
[    8.569882] uhci_hcd: USB Universal Host Controller Interface driver
[    8.594944] i8042: PNP: PS/2 Controller [PNP0303:PS2K,PNP0f03:PS2M] at 0x60,0x64 irq 1,12
[    8.629891] serio: i8042 KBD port at 0x60,0x64 irq 1
[    8.631502] serio: i8042 AUX port at 0x60,0x64 irq 12
[    8.667699] mousedev: PS/2 mouse device common for all mice
[    8.704733] input: AT Translated Set 2 keyboard as /devices/platform/i8042/serio0/input/input2
[  8.71025rtcm r_cos:rt cre risred rtc_cmos as rtc0

[    9.493493] rtc_cmos rtc_cmos: alarms up to one dy, 114 bytes nvram

[    9.537719] i2c/d entries drivr
[    9.710850] device-mappe: vet:version 1.0.3

[    9.980711] device-mapper: ioctl: 4.37.0-ctl (2017-09-20) initiis: m-devel@rdhat.com

[   10.262232] ledtrig-cpu: registered to indicate activity on CPUs
[   10.270838] NET: Registered protocol family 10
[   10.310116] Segment Routing with IPv6
[   10.314263] NET: Registered protocol family 17
[   10.315820] Key type dns_resolver registered
[   10.329257] mce: Using 0 MCE banks
[   10.336813] RAS: Correctable Errors collector initialized.
[   10.394650] sched_clock: Marking stable (10394563289, 0)->(25191564938, -14797001649)
[   10.432468] registered taskstats version 1
[   10.437631] Loading compiled-in X.509 certificates
[   10.444908] Loaded X.509 cert 'Build time autogenerated kernel key: 244b473b43e18b01f00e37a87f2ecd28620f0244'
[   10.483554] zswap: loaded using pool lzo/zbud
[   10.513780] Key type big_key registered
[   10.528112] Key type trusted registered
[   10.543441] Key type encrypted registered
[   10.559859] AppArmor: AppArmor sha1 policy hashing enabled
[   10.563645] ima: No TPM chip found, activating TPM-bypass! (rc=-19)
[   10.579904] ima: Allocated hash algorithm: sha1
[   10.595387] evm: HMAC attrs: 0x1
[   10.604321]   Magic number: 0:932:279
[   10.612144] event_source tracepoint: hash matches
[   10.616963] tty tty16: hash matches
[   10.625423] rtc_cmos rtc_cmos: setting system clock to 2020-04-26 12:15:54 UTC (1587903354)
[   10.647773] BIOS EDD facility v0.16 2004-Jun-25, 0 devices found
[   10.650389] EDD information not available.
[   10.661523] Freeing unused kernel image memory: 2432K
[   10.684063] Write protecting the kernel read-only data: 20480k
[   10.702069] Freeing unused kernel image memory: 2008K
[   10.709489] Freeing unused kernel image memory: 1880K
[   10.728464] x86/mm: Checked W+X mappings: passed, no W+X pages found.
[   10.740366] x86/mm: Checking user space page tables
[   10.769622] x86/mm: Checked W+X mappings: passed, no W+X pages found.
Loading, please wait...
starting version 237
[   10.976709] e1000: Intel(R) PRO/1000 Network Driver - version 7.3.21-k8-NAPI
[   10.990840] e1000: Copyright (c) 1999-2006 Intel Corporation.
[   10.997131] Fusion MPT base driver 3.04.20
[   11.000771] Copyright (c) 1999-2008 LSI Corporation
[   11.051583] AVX2 version of gcm_enc/dec engaged.
[   11.068723] AES CTR mode by8 optimization enabled
[   11.091045] Fusion MPT SPI Host driver 3.04.20
[   11.284872] input: ImExPS/2 Generic Explorer Mouse as /devices/platform/i8042/serio1/input/input4
[   11.586651] e1000 0000:00:03.0 eth0: (PCI:33MHz:32-bit) 02:b4:6b:8c:b8:1a
[   11.591024] e1000 0000:00:03.0 eth0: Intel(R) PRO/1000 Network Connection
[   13.336661] e1000 0000:00:08.0 eth1: (PCI:33MHz:32-bit) 08:00:27:c0:a1:67
[   13.587679] e1000 0000:00:08.0 eth1: Intel(R) PRO/1000 Network Connection
[   13.765565] e1000 0000:00:08.0 enp0s8: renamed from eth1
[   13.772340] mptbase: ioc0: Initiating bringup
[   13.819154] e1000 0000:00:03.0 enp0s3: renamed from eth0
[   13.941899] ioc0: LSI53C1030 A0: Capabilities={Initiator}
[   16.664297] scsi host2: ioc0: LSI53C1030 A0, FwRev=00000000h, Ports=1, MaxQ=256, IRQ=20
[   19.788641] scsi 2:0:0:0: Direct-Access     VBOX     HARDDISK         1.0  PQ: 0 ANSI: 5
[   20.921990] scsi target2:0:0: Beginning Domain Validation
[   22.095258] scsi target2:0:0: Domain Validation skipping write tests
[   23.283367] scsi target2:0:0: Ending Domain Validation
[   24.212220] scsi target2:0:0: asynchronous
[   24.214488] scsi 2:0:1:0: Direct-Access     VBOX     HARDDISK         1.0  PQ: 0 ANSI: 5
[   24.783214] scsi target2:0:1: Beginning Domain Validation
[   25.765653] random: fast init done
[   26.395681] scsi target2:0:1: Domain Validation skipping write tests
[   26.431615] scsi target2:0:1: Ending Domain Validation
[   26.477964] scsi target2:0:1: asynchronous
[   26.505060] random: systemd-udevd: uninitialized urandom read (16 bytes read)
[   26.566956] sd 2:0:0:0: Attached scsi generic sg0 type 0
[   26.566990] random: systemd-udevd: uninitialized urandom read (16 bytes read)
[   26.694355] random: systemd-udevd: uninitialized urandom read (16 bytes read)
[   26.714755] sd 2:0:0:0: [sda] 20971520 512-byte logical blocks: (10.7 GB/10.0 GiB)
[   26.715357] sd 2:0:1:0: Attached scsi generic sg1 type 0
[   26.753744] sd 2:0:0:0: [sda] Write Protect is off
[   26.780801] sd 2:0:1:0: [sdb] 20480 512-byte logical blocks: (10.5 MB/10.0 MiB)
[   26.818516] sd 2:0:0:0: [sda] Incomplete mode parameter data
[   26.818726] sd 2:0:1:0: [sdb] Write Protect is off
[   26.841874] sd 2:0:0:0: [sda] Assuming drive cache: write through
[   26.855918] sd 2:0:1:0: [sdb] Incomplete mode parameter data
[   28.310270] sd 2:0:1:0: [sdb] Assuming drive cache: write through
[   28.316493]  sda: sda1
[   28.318426] sd 2:0:1:0: [sdb] Attached SCSI disk
[   28.370456] sd 2:0:0:0: [sda] Attached SCSI disk
Begin: Loading essential drivers ... [   30.328441] raid6: sse2x1   gen()  4520 MB/s
[   30.384177] raid6: sse2x1   xor()  4034 MB/s
[   30.432106] raid6: sse2x2   gen()  7353 MB/s
[   30.488082] raid6: sse2x2   xor()  4250 MB/s
[   30.544167] raid6: sse2x4   gen()  7474 MB/s
[   30.596393] raid6: sse2x4   xor()  4901 MB/s
[   30.656160] raid6: avx2x1   gen() 11494 MB/s
[   30.708743] raid6: avx2x1   xor()  7121 MB/s
[   30.768403] raid6: avx2x2   gen() 12498 MB/s
[   30.824161] raid6: avx2x2   xor()  7602 MB/s
[   30.872236] raid6: avx2x4   gen() 15143 MB/s
[   30.936633] raid6: avx2x4   xor()  8630 MB/s
[   30.944755] raid6: using algorithm avx2x4 gen() 15143 MB/s
[   30.956062] raid6: .... xor() 8630 MB/s, rmw enabled
[   30.967744] raid6: using avx2x2 recovery algorithm
[   30.970928] xor: automatically using best checksumming function   avx       
[   31.001937] async_tx: api initialized (async)
done.
Begin: Running /scripts/init-premount ... done.
Begin: Mounting root file system ... Begin: Running /scripts/local-top ... done.
Begin: Running /scripts/local-premount ... [   31.130199] Btrfs loaded, crc32c=crc32c-intel
Scanning for Btrfs filesystems
done.
Warning: fsck not present, so skipping root file system
[   31.236283] EXT4-fs (sda1): mounted filesystem with ordered data mode. Opts: (null)
done.
Begin: Running /scripts/local-bottom ... done.
Begin: Running /scripts/init-bottom ... done.
[   31.999475] ip_tables: (C) 2000-2006 Netfilter Core Team
[   32.967066] systemd[1]: systemd 237 running in system mode. (+PAM +AUDIT +SELINUX +IMA +APPARMOR +SMACK +SYSVINIT +UTMP +LIBCRYPTSETUP +GCRYPT +GNUTLS +ACL +XZ +LZ4 +SECCOMP +BLKID +ELFUTILS +KMOD -IDN2 +IDN -PCRE2 default-hierarchy=hybrid)
[   36.345058] systemd[1]: Detected virtualization oracle.
[   37.275869] systemd[1]: Detected architecture x86-64.

Welcome to [1mUbuntu 18.04.4 LTS[0m!

[   37.347116] systemd[1]: Set hostname to <ubuntu-bionic>.
[   38.950034] systemd[1]: Created slice System Slice.
[[0;32m  OK  [0m] Created slice System Slice.
[   40.311699] systemd[1]: Listening on /dev/initctl Compatibility Named Pipe.
[[0;32m  OK  [0m] Listening on /dev/initctl Compatibility Named Pipe.
[   40.334667] systemd[1]: Listening on Network Service Netlink Socket.
[[0;32m  OK  [0m] Listening on Network Service Netlink Socket.
[   40.378870] systemd[1]: Listening on Journal Socket.
[[0;32m  OK  [0m] Listening on Journal Socket.
[   40.432436] systemd[1]: Starting Load Kernel Modules...
         Starting Load Kernel Mo[   40.482941] Loading iSCSI transport class v2.0-870.
dules...
[   40.593492] systemd[1]: Starting Create list of required static device nodes for the current kernel...
         [   40.640689] random: crng init done
Starting Create list of required[   40.679528] random: 7 urandom warning(s) missed due to ratelimiting
 st…ce nodes for the current kernel...
[   40.701929] systemd[1]: Mounting Huge Pages File System...
         Mountin[   40.722550] iscsi: registered transport (tcp)
g Huge Pages File System...
[   40.772458] systemd[1]: Listening on LVM2 metadata daemon socket.
[[0;32m  OK  [0m] Listening on LVM2 metadata daemon socket.
[   40.828256] systemd[1]: Listening on LVM2 poll daemon socket.
[[0;32m  OK  [0m] Listening on LVM2 poll daemon socket.
[   40.853761] systemd[1]: Listening on Device-mapper event daemon FIFOs.
[[0;32m  OK  [0m] Listening on Device-mapper event daemon FIFOs.
[[0;32m  OK  [0m] Set up automount Arbitrary Executab…rmats File System Automount Point.
[[0;32m  OK  [0m] Created slice User and Session Slice.
[[0;32m  OK  [0m] Listening on udev Kernel Socket.
         Starting Uncomplicated firewall...
[[0;32m  OK  [0m] Listening on Journal Audit Socket.
         Starting Monitoring of LVM2 mirrors…ng dmeventd or progress polling...
[   40.966533] iscsi: registered transport (iser)
         Mounting POSIX Message Queue File System...
[[0;32m  OK  [0m] Created slice system-serial\x2dgetty.slice.
         Starting Remount Root and Kernel File Systems...
[[0;32m  OK  [0m] Reached target System Time Synchronized.
         Starting Set the console keyboard layout...
[[0;32m  OK  [0m] Started Forward Password Requests to Wall Directory Watch.
[   41.105036] EXT4-fs (sda1): re-mounted. Opts: (null)
[[0;32m  OK  [0m] Reached target Swap.
[[0;32m  OK  [0m] Reached target Slices.
[[0;32m  OK  [0m] Listening on Journal Socket (/dev/log).
[[0;32m  OK  [0m] Reached target User and Group Name Lookups.
         Mounting Kernel Debug File System...
[[0;32m  OK  [0m] Listening on Syslog Socket.
         Starting Journal Service...
[[0;32m  OK  [0m] Listening on udev Control Socket.
         Starting udev Coldplug all Devices...
[[0;32m  OK  [0m] Started Load Kernel Modules.
[[0;32m  OK  [0m] Started Create list of required sta…vice nodes for the current kernel.
[[0;32m  OK  [0m] Mounted Huge Pages File System.
[[0;32m  OK  [0m] Started Journal Service.
[[0;32m  OK  [0m] Started Uncomplicated firewall.
[[0;32m  OK  [0m] Mounted POSIX Message Queue File System.
[[0;32m  OK  [0m] Started Remount Root and Kernel File Systems.
[[0;32m  OK  [0m] Mounted Kernel Debug File System.
[[0;32m  OK  [0m] Started LVM2 metadata daemon.
         Starting Load/Save Random Seed...
         Starting Flush Journal to Persistent Storage...
         Starting Create Static Device Nodes in /dev...
         Mounting FUSE Control File System...
         Starting Apply Kernel Variables...
         Mounting Kernel Configuration File System...
[[0;32m  OK  [0m] Started Monitoring of LVM2 mirrors,…sing dmeventd or progress polling.
[[0;32m  OK  [0m] Started udev Coldplug all Devices.
[[0;32m  OK  [0m] Started Load/Save Random Seed.
[[0;32m  OK  [0m] Started Create Static Device Nodes in /dev.
[[0;32m  OK  [0m] Mounted FUSE Control File System.
[[0;32m  OK  [0m] Started Apply Kernel Variables.
[[0;32m  OK  [0m] Mounted Kernel Configuration File System.
         Starting udev Kernel Device Manager...
[[0;32m  OK  [0m] Started udev Kernel Device Manager.
[[0;32m  OK  [0m] Started Flush Journal to Persistent Storage.
[[0;32m  OK  [0m] Started Set the console keyboard layout.
[[0;32m  OK  [0m] Reached target Local File Systems (Pre).
[[0;32m  OK  [0m] Reached target Local File Systems.
         Starting ebtables ruleset management...
         Starting Set console font and keymap...
         Starting Tell Plymouth To Write Out Runtime Data...
         Starting Create Volatile Files and Directories...
         Starting AppArmor initialization...
[[0;32m  OK  [0m] Started Dispatch Password Requests to Console Directory Watch.
[[0;32m  OK  [0m] Reached target Local Encrypted Volumes.
[[0;32m  OK  [0m] Started Set console font and keymap.
[[0;32m  OK  [0m] Started Tell Plymouth To Write Out Runtime Data.
[[0;32m  OK  [0m] Started Create Volatile Files and Directories.
         Starting Update UTMP about System Boot/Shutdown...
[[0;32m  OK  [0m] Started Update UTMP about System Boot/Shutdown.
[[0;32m  OK  [0m] Started ebtables ruleset management.
[[0;32m  OK  [0m] Found device /dev/ttyS0.
[[0;32m  OK  [0m] Listening on Load/Save RF Kill Switch Status /dev/rfkill Watch.
[[0;32m  OK  [0m] Started AppArmor initialization.
         Starting Initial cloud-init job (pre-networking)...
[   48.891168] cloud-init[565]: Cloud-init v. 19.4-33-gbb4131a2-0ubuntu1~18.04.1 running 'init-local' at Sun, 26 Apr 2020 12:16:32 +0000. Up 48.41 seconds.
[[0;32m  OK  [0m] Started Initial cloud-init job (pre-networking).
[[0;32m  OK  [0m] Reached target Network (Pre).
         Starting Network Service...
[[0;32m  OK  [0m] Started Network Service.
         Starting Network Name Resolution...
         Starting Wait for Network to be Configured...
[[0;32m  OK  [0m] Started Network Name Resolution.
[[0;32m  OK  [0m] Reached target Host and Network Name Lookups.
[[0;32m  OK  [0m] Reached target Network.
[[0;32m  OK  [0m] Started Wait for Network to be Configured.
         Starting Initial cloud-init job (metadata service crawler)...
[   52.654858] cloud-init[708]: Cloud-init v. 19.4-33-gbb4131a2-0ubuntu1~18.04.1 running 'init' at Sun, 26 Apr 2020 12:16:36 +0000. Up 52.24 seconds.
[   52.764237] cloud-init[708]: ci-info: ++++++++++++++++++++++++++++++++++++++Net device info+++++++++++++++++++++++++++++++++++++++
[   52.888540] cloud-init[708]: ci-info: +--------+------+-----------------------------+---------------+--------+-------------------+
[   53.008505] cloud-init[708]: ci-info: | Device |  Up  |           Address           |      Mask     | Scope  |     Hw-Address    |
[   53.097419] cloud-init[708]: ci-info: +--------+------+-----------------------------+---------------+--------+-------------------+
[[0;32m  OK  [0m] Started Initial cloud-init job (metadata service crawler).
[[0;32m  OK  [0m] Reached target Network is Online.
[   53.222801] cloud-init[708]: ci-info: | enp0s3 | True |          10.0.2.15          | 255.255.255.0 | global | 02:b4:6b:8c:b8:1a |
[   53.440410] cloud-init[708]: ci-info: | enp0s3 | True |  fe80::b4:6bff:fe8c:b81a/64 |       .       |  link  | 02:b4:6b:8c:b8:1a |
[   53.564738] cloud-init[708]: ci-info: | enp0s8 | True |        192.168.33.10        | 255.255.255.0 | global | 08:00:27:c0:a1:67 |
[[0;32m  OK  [0m] Reached target Remote File Systems (Pre).
[[0;32m  OK  [0m] Reached target Remote File Systems.
[   53.704179] cloud-init[708]: ci-info: | enp0s8 | True | fe80::a00:27ff:fec0:a167/64 |       .       |  link  | 08:00:27:c0:a1:67 |
         Starting Availability of block devices...
[[0;32m  OK  [0m] Reached target System Initialization.
[[0;32m  OK  [0m] Listening on D-Bus System Message Bus Socket.
[   53.887256] cloud-init[708]: ci-info: |   lo   | True |          127.0.0.1          |   255.0.0.0   |  host  |         .         |
[[   54.064489] cloud-init[708]: ci-info: |   lo   | True |           ::1/128           |       .       |  host  |         .         |
[0;32m  OK  [0m[   54.064847] ] cloud-initStarted ACPI Events Check.[708]: 
ci-info: +--------+------+-----------------------------+---------------+--------+-------------------+
[[   54.257178] cloud-init[708]: ci-info: +++++++++++++++++++++++++++++Route IPv4 info+++++++++++++++++++++++++++++
[0;32m  OK  [0m] Listening on Open-iSCSI iscsid Socket.
[   54.258083] cloud-init[708]: ci-info: +-------+--------------+----------+-----------------+-----------+-------+
         [   54.444409] Starting Socket activation for snappy daemon.cloud-init
[708]: ci-info: | Route | Destination  | Gateway  |     Genmask     | Interface | Flags |
[[   54.568370] cloud-init[708]: ci-info: +-------+--------------+----------+-----------------+-----------+-------+
[   54.568561] cloud-init[708]: [0;32m  OK  [0mci-info: |   0   |   0.0.0.0    | 10.0.2.2 |     0.0.0.0     |   enp0s3  |   UG  |] 
Started Daily apt download activities.
[   54.697828] cloud-init[708]: ci-info: |   1   |   10.0.2.0   | 0.0.0.0  |  255.255.255.0  |   enp0s3  |   U   |
[   54.698089] cloud-init[708]: ci-info: |   2   |   10.0.2.2   | 0.0.0.0  | 255.255.255.255 |   enp0s3  |   UH  |
[[0;32m  OK  [0m] Started Discard unused blocks once a week.
[   54.698270] cloud-init[708]: ci-info: |   3   | 192.168.33.0 | 0.0.0.0  |  255.255.255.0  |   enp0s8  |   U   |
[[0;32m  OK  [0m[   54.998110] ] cloud-initReached target Paths.[708]: 
ci-info: +-------+--------------+----------+-----------------+-----------+-------+
[[0;32m  OK  [0m] Listening on UUID daemon activation socket.
[   55.137474] cloud-init[708]: ci-info: +++++++++++++++++++Route IPv6 info+++++++++++++++++++
[[   55.241266] cloud-init[708]: ci-info: +-------+-------------+---------+-----------+-------+
[   55.241771] cloud-init[708]: ci-info: | Route | Destination | Gateway | Interface | Flags |
[0;32m  OK  [0m] Started Message of the Day.
[[   55.241966] cloud-init[708]: ci-info: +-------+-------------+---------+-----------+-------+
[   55.384827] cloud-init[708]: ci-info: |   1   |  fe80::/64  |    ::   |   enp0s8  |   U   |
[0;32m  OK  [0m] Started Daily Cleanup of Temporary Directories.
[   55.385090] cloud-init[708]: ci-info: |   2   |  fe80::/64  |    ::   |   enp0s3  |   U   |
[[   55.536752] cloud-init[708]: ci-info: |   4   |    local    |    ::   |   enp0s3  |   U   |
[   55.537105] [0;32m  OK  [0mcloud-init] [708]: Started Daily apt upgrade and clean activities.ci-info: |   5   |    local    |    ::   |   enp0s8  |   U   |

[[   55.744579] cloud-init[708]: ci-info: |   6   |   ff00::/8  |    ::   |   enp0s8  |   U   |
[   55.744839] cloud-init[708]: [0;32m  OK  [0mci-info: |   7   |   ff00::/8  |    ::   |   enp0s3  |   U   |] 
Reached target Timers.
[   55.745177] cloud-init[708]: ci-info: +-------+-------------+---------+-----------+-------+
[[0;32m  OK  [0m] Listening on ACPID Listen Socket.
         Starting LXD - unix socket.
[[0;32m  OK  [0m] Reached target Cloud-config availability.
[[0;32m  OK  [0m] Started Availability of block devices.
[[0;32m  OK  [0m] Listening on Socket activation for snappy daemon.
[[0;32m  OK  [0m] Listening on LXD - unix socket.
[[0;32m  OK  [0m] Reached target Sockets.
[[0;32m  OK  [0m] Reached target Basic System.
         Starting Permit User Sessions...
[[0;32m  OK  [0m] Started irqbalance daemon.
         Starting Accounts Service...
         Starting OpenBSD Secure Shell server...
         Starting LSB: automatic crash report generation...
[[0;32m  OK  [0m] Started FUSE filesystem for LXC.
         Starting Dispatcher daemon for systemd-networkd...
[[0;32m  OK  [0m] Started Regular background program processing daemon.
         Starting LXD - container startup/shutdown...
[[0;32m  OK  [0m] Started Deferred execution scheduler.
         Starting System Logging Service...
         Starting vboxadd.service...
         Starting Login Service...
[[0;32m  OK  [0m] Started D-Bus System Message Bus.
         Starting LSB: Record successful boot for GRUB...
         Starting Snappy daemon...
[[0;32m  OK  [0m] Started System Logging Service.
[[0;32m  OK  [0m] Started Permit User Sessions.
         Starting Terminate Plymouth Boot Screen...
         Starting Hold until boot process finishes up...
[[0;32m  OK  [0m] Started Terminate Plymouth Boot Screen.
[[0;32m  OK  [0m] Started Login Service.
[[0;32m  OK  [0m] Started Unattended Upgrades Shutdown.
[[0;32m  OK  [0m] Started OpenBSD Secure Shell server.
[[0;32m  OK  [0m] Started Hold until boot process finishes up.
         Starting Set console scheme...
[[0;32m  OK  [0m] Started Serial Getty on ttyS0.
[[0;32m  OK  [0m] Started Set console scheme.
[[0;32m  OK  [0m] Created slice system-getty.slice.
[[0;32m  OK  [0m] Started Getty on tty1.
[[0;32m  OK  [0m] Reached target Login Prompts.
         Starting Authorization Manager...
[[0;32m  OK  [0m] Started LSB: automatic crash report generation.
[[0;32m  OK  [0m] Started LSB: Record successful boot for GRUB.
[[0;32m  OK  [0m] Started Authorization Manager.
[[0;32m  OK  [0m] Started Accounts Service.
[[0;32m  OK  [0m] Created slice User Slice of vagrant.
         Starting User Manager for UID 1000...
[[0;32m  OK  [0m] Started Session 1 of user vagrant.
[[0;32m  OK  [0m] Started Dispatcher daemon for systemd-networkd.
[[0;32m  OK  [0m] Started LXD - container startup/shutdown.
[[0;32m  OK  [0m] Started vboxadd.service.
         Starting vboxadd-service.service...
[[0;32m  OK  [0m] Started User Manager for UID 1000.
[[0;32m  OK  [0m] Started vboxadd-service.service.
[[0;32m  OK  [0m] Started Snappy daemon.
         Starting Wait until snapd is fully seeded...
[[0;32m  OK  [0m] Started Wait until snapd is fully seeded.
         Starting Apply the settings specified in cloud-config...
[[0;32m  OK  [0m] Reached target Multi-User System.
[[0;32m  OK  [0m] Reached target Graphical Interface.
         Starting Update UTMP about System Runlevel Changes...
[[0;32m  OK  [0m] Started Update UTMP about System Runlevel Changes.

Ubuntu 18.04.4 LTS ubuntu-bionic ttyS0

ubuntu-bionic login: [   64.758441] cloud-init[1201]: Cloud-init v. 19.4-33-gbb4131a2-0ubuntu1~18.04.1 running 'modules:config' at Sun, 26 Apr 2020 12:16:48 +0000. Up 64.35 seconds.
[   66.617690] cloud-init[1288]: Cloud-init v. 19.4-33-gbb4131a2-0ubuntu1~18.04.1 running 'modules:final' at Sun, 26 Apr 2020 12:16:50 +0000. Up 66.28 seconds.
[   66.618231] cloud-init[1288]: Cloud-init v. 19.4-33-gbb4131a2-0ubuntu1~18.04.1 finished at Sun, 26 Apr 2020 12:16:50 +0000. Datasource DataSourceNoCloud [seed=/dev/sdb][dsmode=net].  Up 66.59 seconds
